<?xml version="1.0" encoding="UTF-8"?>
<testng-results skipped="0" failed="0" total="1" passed="1">
  <reporter-output>
  </reporter-output>
  <suite name="Default suite" duration-ms="23265" started-at="2018-03-13T12:04:05Z" finished-at="2018-03-13T12:04:29Z">
    <groups>
    </groups>
    <test name="Default test" duration-ms="23265" started-at="2018-03-13T12:04:05Z" finished-at="2018-03-13T12:04:29Z">
      <class name="test.philips.com.testsuite.LoginTestCases">
        <test-method status="PASS" signature="readConfigProperties()[pri:0, instance:test.philips.com.testsuite.LoginTestCases@5474c6c]" name="readConfigProperties" is-config="true" duration-ms="13" started-at="2018-03-13T17:34:01Z" finished-at="2018-03-13T17:34:01Z">
          <reporter-output>
          </reporter-output>
        </test-method> <!-- readConfigProperties -->
        <test-method status="PASS" signature="setUp()[pri:0, instance:test.philips.com.testsuite.LoginTestCases@5474c6c]" name="setUp" is-config="true" duration-ms="3894" started-at="2018-03-13T17:34:01Z" depends-on-methods="test.philips.com.utils.Init.readConfigProperties" finished-at="2018-03-13T17:34:05Z">
          <reporter-output>
          </reporter-output>
        </test-method> <!-- setUp -->
        <test-method status="PASS" signature="beforeTest()[pri:0, instance:test.philips.com.testsuite.LoginTestCases@5474c6c]" name="beforeTest" is-config="true" duration-ms="168" started-at="2018-03-13T17:34:05Z" finished-at="2018-03-13T17:34:05Z">
          <reporter-output>
          </reporter-output>
        </test-method> <!-- beforeTest -->
        <test-method status="PASS" signature="loginTest()[pri:0, instance:test.philips.com.testsuite.LoginTestCases@5474c6c]" name="loginTest" duration-ms="20734" started-at="2018-03-13T17:34:05Z" finished-at="2018-03-13T17:34:26Z">
          <reporter-output>
          </reporter-output>
        </test-method> <!-- loginTest -->
        <test-method status="PASS" signature="afterTest()[pri:0, instance:test.philips.com.testsuite.LoginTestCases@5474c6c]" name="afterTest" is-config="true" duration-ms="2354" started-at="2018-03-13T17:34:26Z" finished-at="2018-03-13T17:34:29Z">
          <reporter-output>
          </reporter-output>
        </test-method> <!-- afterTest -->
        <test-method status="PASS" signature="tearDown()[pri:0, instance:test.philips.com.testsuite.LoginTestCases@5474c6c]" name="tearDown" is-config="true" duration-ms="1440" started-at="2018-03-13T17:34:29Z" finished-at="2018-03-13T17:34:30Z">
          <reporter-output>
          </reporter-output>
        </test-method> <!-- tearDown -->
      </class> <!-- test.philips.com.testsuite.LoginTestCases -->
    </test> <!-- Default test -->
  </suite> <!-- Default suite -->
</testng-results>
